<?xml version="1.0" encoding="UTF-8"?>
<!-- Generated by org.testng.reporters.JUnitXMLReporter -->
<testsuite ignored="0" hostname="DESKTOP-EN82JM6" failures="0" tests="6" name="Default test" time="43.064" errors="0" timestamp="2025-11-14T17:00:34 BDT">
  <testcase classname="com.srk.testCases.SearchTest" name="searchTest" time="9.64"/>
  <testcase classname="com.srk.testCases.SearchTest" name="searchTest" time="3.007"/>
  <testcase classname="com.srk.testCases.SearchTest" name="searchTest" time="3.37"/>
  <testcase classname="com.srk.testCases.SearchTest" name="searchTest" time="3.034"/>
  <testcase classname="com.srk.testCases.SearchTest" name="searchTest" time="3.065"/>
  <testcase classname="com.srk.testCases.SearchTest" name="searchTest" time="2.804"/>
</testsuite> <!-- Default test -->
