<?xml version="1.0" encoding="UTF-8"?>
<!-- Generated by org.testng.reporters.JUnitXMLReporter -->
<testsuite ignored="0" hostname="DESKTOP-EN82JM6" failures="0" tests="7" name="Test" time="58.008" errors="0" timestamp="2025-11-06T15:53:54 BDT">
  <testcase classname="com.srk.testCases.LoginTest" name="tc01" time="15.529"/>
  <testcase classname="com.srk.testCases.LoginTest" name="tc01" time="2.216"/>
  <testcase classname="com.srk.testCases.LoginTest" name="tc01" time="3.347"/>
  <testcase classname="com.srk.testCases.LoginTest" name="tc01" time="3.525"/>
  <testcase classname="com.srk.testCases.LoginTest" name="tc01" time="2.011"/>
  <testcase classname="com.srk.testCases.LoginTest" name="tc01" time="3.244"/>
  <testcase classname="com.srk.testCases.LoginTest" name="tc01" time="5.431"/>
</testsuite> <!-- Test -->
