<?xml version="1.0" encoding="UTF-8"?>
<testng-results ignored="0" total="7" passed="7" failed="0" skipped="0">
  <reporter-output>
  </reporter-output>
  <suite started-at="2025-11-06T15:52:55 BDT" name="Suite" finished-at="2025-11-06T15:53:53 BDT" duration-ms="58008">
    <groups>
    </groups>
    <test started-at="2025-11-06T15:52:55 BDT" name="Test" finished-at="2025-11-06T15:53:53 BDT" duration-ms="58008">
      <class name="com.srk.testCases.LoginTest">
        <test-method is-config="true" signature="setup()[pri:0, instance:com.srk.testCases.LoginTest@4d9ac0b4]" started-at="2025-11-06T15:52:55 BDT" name="setup" finished-at="2025-11-06T15:53:17 BDT" duration-ms="22147" status="PASS">
          <reporter-output>
          </reporter-output>
        </test-method> <!-- setup -->
        <test-method signature="tc01(java.lang.String,java.lang.String,java.lang.String)[pri:0, instance:com.srk.testCases.LoginTest@4d9ac0b4]" started-at="2025-11-06T15:53:18 BDT" name="tc01" data-provider="loginData" finished-at="2025-11-06T15:53:33 BDT" duration-ms="15529" status="PASS">
          <params>
            <param index="0">
              <value>
                <![CDATA[jobair@qa.team]]>
              </value>
            </param>
            <param index="1">
              <value>
                <![CDATA[AerdAs23#]]>
              </value>
            </param>
            <param index="2">
              <value>
                <![CDATA[valid]]>
              </value>
            </param>
          </params>
          <reporter-output>
          </reporter-output>
        </test-method> <!-- tc01 -->
        <test-method signature="tc01(java.lang.String,java.lang.String,java.lang.String)[pri:0, instance:com.srk.testCases.LoginTest@4d9ac0b4]" started-at="2025-11-06T15:53:33 BDT" name="tc01" data-provider="loginData" finished-at="2025-11-06T15:53:35 BDT" duration-ms="2216" status="PASS">
          <params>
            <param index="0">
              <value>
                <![CDATA[admin@qateam]]>
              </value>
            </param>
            <param index="1">
              <value>
                <![CDATA[Admin123!]]>
              </value>
            </param>
            <param index="2">
              <value>
                <![CDATA[Please enter a valid email address.]]>
              </value>
            </param>
          </params>
          <reporter-output>
          </reporter-output>
        </test-method> <!-- tc01 -->
        <test-method signature="tc01(java.lang.String,java.lang.String,java.lang.String)[pri:0, instance:com.srk.testCases.LoginTest@4d9ac0b4]" started-at="2025-11-06T15:53:35 BDT" name="tc01" data-provider="loginData" finished-at="2025-11-06T15:53:39 BDT" duration-ms="3347" status="PASS">
          <params>
            <param index="0">
              <value>
                <![CDATA[jobair@qa.team]]>
              </value>
            </param>
            <param index="1">
              <value>
                <![CDATA[Testhj@456]]>
              </value>
            </param>
            <param index="2">
              <value>
                <![CDATA[invalid]]>
              </value>
            </param>
          </params>
          <reporter-output>
          </reporter-output>
        </test-method> <!-- tc01 -->
        <test-method signature="tc01(java.lang.String,java.lang.String,java.lang.String)[pri:0, instance:com.srk.testCases.LoginTest@4d9ac0b4]" started-at="2025-11-06T15:53:39 BDT" name="tc01" data-provider="loginData" finished-at="2025-11-06T15:53:42 BDT" duration-ms="3525" status="PASS">
          <params>
            <param index="0">
              <value>
                <![CDATA[jobair56@qa.team]]>
              </value>
            </param>
            <param index="1">
              <value>
                <![CDATA[AerdAs23#]]>
              </value>
            </param>
            <param index="2">
              <value>
                <![CDATA[invalid]]>
              </value>
            </param>
          </params>
          <reporter-output>
          </reporter-output>
        </test-method> <!-- tc01 -->
        <test-method signature="tc01(java.lang.String,java.lang.String,java.lang.String)[pri:0, instance:com.srk.testCases.LoginTest@4d9ac0b4]" started-at="2025-11-06T15:53:42 BDT" name="tc01" data-provider="loginData" finished-at="2025-11-06T15:53:44 BDT" duration-ms="2011" status="PASS">
          <params>
            <param index="0">
              <value>
                <![CDATA[]]>
              </value>
            </param>
            <param index="1">
              <value>
                <![CDATA[]]>
              </value>
            </param>
            <param index="2">
              <value>
                <![CDATA[Email is mandatory.]]>
              </value>
            </param>
          </params>
          <reporter-output>
          </reporter-output>
        </test-method> <!-- tc01 -->
        <test-method signature="tc01(java.lang.String,java.lang.String,java.lang.String)[pri:0, instance:com.srk.testCases.LoginTest@4d9ac0b4]" started-at="2025-11-06T15:53:44 BDT" name="tc01" data-provider="loginData" finished-at="2025-11-06T15:53:47 BDT" duration-ms="3244" status="PASS">
          <params>
            <param index="0">
              <value>
                <![CDATA[jobair@qa.team]]>
              </value>
            </param>
            <param index="1">
              <value>
                <![CDATA[AERDAs23#]]>
              </value>
            </param>
            <param index="2">
              <value>
                <![CDATA[invalid]]>
              </value>
            </param>
          </params>
          <reporter-output>
          </reporter-output>
        </test-method> <!-- tc01 -->
        <test-method signature="tc01(java.lang.String,java.lang.String,java.lang.String)[pri:0, instance:com.srk.testCases.LoginTest@4d9ac0b4]" started-at="2025-11-06T15:53:47 BDT" name="tc01" data-provider="loginData" finished-at="2025-11-06T15:53:53 BDT" duration-ms="5431" status="PASS">
          <params>
            <param index="0">
              <value>
                <![CDATA[jobair@qa.team]]>
              </value>
            </param>
            <param index="1">
              <value>
                <![CDATA[AerdAs23#]]>
              </value>
            </param>
            <param index="2">
              <value>
                <![CDATA[valid]]>
              </value>
            </param>
          </params>
          <reporter-output>
          </reporter-output>
        </test-method> <!-- tc01 -->
        <test-method is-config="true" signature="tearDown()[pri:0, instance:com.srk.testCases.LoginTest@4d9ac0b4]" started-at="2025-11-06T15:53:53 BDT" name="tearDown" finished-at="2025-11-06T15:53:53 BDT" duration-ms="417" status="PASS">
          <reporter-output>
          </reporter-output>
        </test-method> <!-- tearDown -->
      </class> <!-- com.srk.testCases.LoginTest -->
    </test> <!-- Test -->
  </suite> <!-- Suite -->
</testng-results>
