<?xml version="1.0" encoding="UTF-8"?>
<!-- Generated by org.testng.reporters.JUnitReportReporter -->
<testsuite hostname="DESKTOP-EN82JM6" failures="0" tests="5" name="com.srk.testCases.LoginTest" time="28.188" errors="0" timestamp="2025-11-14T17:09:20 BDT" skipped="0">
  <testcase classname="com.srk.testCases.LoginTest" name="tc01" time="2.322"/>
  <testcase classname="com.srk.testCases.LoginTest" name="tc01" time="17.297"/>
  <testcase classname="com.srk.testCases.LoginTest" name="tc01" time="3.065"/>
  <testcase classname="com.srk.testCases.LoginTest" name="tc01" time="3.156"/>
  <testcase classname="com.srk.testCases.LoginTest" name="tc01" time="2.348"/>
</testsuite> <!-- com.srk.testCases.LoginTest -->
