<?xml version="1.0" encoding="UTF-8"?>
<!-- Generated by org.testng.reporters.JUnitReportReporter -->
<testsuite hostname="DESKTOP-EN82JM6" failures="0" tests="6" name="com.srk.testCases.SearchTest" time="26.927" errors="0" timestamp="2025-11-14T17:09:20 BDT" skipped="0">
  <testcase classname="com.srk.testCases.SearchTest" name="searchTest" time="3.158"/>
  <testcase classname="com.srk.testCases.SearchTest" name="searchTest" time="11.913"/>
  <testcase classname="com.srk.testCases.SearchTest" name="searchTest" time="2.914"/>
  <testcase classname="com.srk.testCases.SearchTest" name="searchTest" time="2.992"/>
  <testcase classname="com.srk.testCases.SearchTest" name="searchTest" time="3.173"/>
  <testcase classname="com.srk.testCases.SearchTest" name="searchTest" time="2.777"/>
</testsuite> <!-- com.srk.testCases.SearchTest -->
